<?xml version="1.0" encoding="UTF-8"?>
<coverage generated="1770130431061" clover="3.2.0">
  <project timestamp="1770130431061" name="All files">
    <metrics statements="188" coveredstatements="118" conditionals="87" coveredconditionals="58" methods="14" coveredmethods="7" elements="289" coveredelements="183" complexity="0" loc="188" ncloc="188" packages="1" files="1" classes="1"/>
    <file name="index.js" path="D:\claude\mediev-h3-game\server\index.js">
      <metrics statements="188" coveredstatements="118" conditionals="87" coveredconditionals="58" methods="14" coveredmethods="7"/>
      <line num="1" count="1" type="stmt"/>
      <line num="2" count="1" type="stmt"/>
      <line num="3" count="1" type="stmt"/>
      <line num="4" count="1" type="stmt"/>
      <line num="6" count="1" type="stmt"/>
      <line num="7" count="1" type="cond" truecount="1" falsecount="1"/>
      <line num="10" count="1" type="stmt"/>
      <line num="11" count="1" type="stmt"/>
      <line num="14" count="1" type="stmt"/>
      <line num="52" count="1" type="stmt"/>
      <line num="53" count="4" type="stmt"/>
      <line num="54" count="4" type="stmt"/>
      <line num="57" count="4" type="cond" truecount="6" falsecount="0"/>
      <line num="58" count="1" type="stmt"/>
      <line num="64" count="3" type="stmt"/>
      <line num="72" count="3" type="cond" truecount="1" falsecount="1"/>
      <line num="73" count="0" type="stmt"/>
      <line num="80" count="3" type="cond" truecount="1" falsecount="1"/>
      <line num="83" count="3" type="cond" truecount="3" falsecount="1"/>
      <line num="84" count="0" type="stmt"/>
      <line num="90" count="3" type="stmt"/>
      <line num="93" count="3" type="stmt"/>
      <line num="100" count="3" type="stmt"/>
      <line num="101" count="3" type="stmt"/>
      <line num="103" count="3" type="stmt"/>
      <line num="105" count="3" type="cond" truecount="1" falsecount="1"/>
      <line num="106" count="0" type="stmt"/>
      <line num="107" count="0" type="stmt"/>
      <line num="111" count="3" type="stmt"/>
      <line num="116" count="3" type="stmt"/>
      <line num="119" count="3" type="stmt"/>
      <line num="135" count="3" type="stmt"/>
      <line num="139" count="2" type="stmt"/>
      <line num="140" count="3" type="stmt"/>
      <line num="158" count="2" type="stmt"/>
      <line num="159" count="2" type="stmt"/>
      <line num="160" count="2" type="stmt"/>
      <line num="163" count="1" type="stmt"/>
      <line num="164" count="1" type="stmt"/>
      <line num="165" count="1" type="stmt"/>
      <line num="187" count="1" type="stmt"/>
      <line num="188" count="0" type="stmt"/>
      <line num="189" count="0" type="stmt"/>
      <line num="191" count="0" type="stmt"/>
      <line num="201" count="0" type="stmt"/>
      <line num="203" count="0" type="cond" truecount="0" falsecount="4"/>
      <line num="204" count="0" type="stmt"/>
      <line num="205" count="0" type="stmt"/>
      <line num="209" count="0" type="stmt"/>
      <line num="210" count="0" type="stmt"/>
      <line num="213" count="0" type="stmt"/>
      <line num="214" count="0" type="stmt"/>
      <line num="216" count="0" type="stmt"/>
      <line num="225" count="0" type="stmt"/>
      <line num="226" count="0" type="stmt"/>
      <line num="228" count="0" type="stmt"/>
      <line num="230" count="0" type="stmt"/>
      <line num="231" count="0" type="stmt"/>
      <line num="232" count="0" type="stmt"/>
      <line num="235" count="0" type="stmt"/>
      <line num="236" count="0" type="stmt"/>
      <line num="237" count="0" type="stmt"/>
      <line num="255" count="1" type="stmt"/>
      <line num="256" count="0" type="stmt"/>
      <line num="257" count="0" type="stmt"/>
      <line num="266" count="0" type="stmt"/>
      <line num="268" count="0" type="stmt"/>
      <line num="274" count="0" type="stmt"/>
      <line num="275" count="0" type="stmt"/>
      <line num="278" count="0" type="stmt"/>
      <line num="279" count="0" type="stmt"/>
      <line num="290" count="10" type="stmt"/>
      <line num="317" count="1" type="stmt"/>
      <line num="318" count="9" type="stmt"/>
      <line num="320" count="9" type="stmt"/>
      <line num="321" count="9" type="stmt"/>
      <line num="324" count="9" type="cond" truecount="4" falsecount="0"/>
      <line num="325" count="2" type="stmt"/>
      <line num="331" count="7" type="stmt"/>
      <line num="337" count="7" type="stmt"/>
      <line num="340" count="7" type="stmt"/>
      <line num="345" count="7" type="stmt"/>
      <line num="346" count="7" type="stmt"/>
      <line num="347" count="7" type="stmt"/>
      <line num="349" count="7" type="stmt"/>
      <line num="352" count="7" type="stmt"/>
      <line num="360" count="7" type="stmt"/>
      <line num="362" count="7" type="cond" truecount="1" falsecount="1"/>
      <line num="363" count="0" type="stmt"/>
      <line num="364" count="0" type="stmt"/>
      <line num="370" count="7" type="stmt"/>
      <line num="373" count="7" type="cond" truecount="4" falsecount="0"/>
      <line num="374" count="2" type="stmt"/>
      <line num="375" count="2" type="stmt"/>
      <line num="382" count="5" type="cond" truecount="2" falsecount="0"/>
      <line num="383" count="1" type="stmt"/>
      <line num="384" count="1" type="stmt"/>
      <line num="391" count="4" type="stmt"/>
      <line num="397" count="4" type="stmt"/>
      <line num="399" count="4" type="cond" truecount="1" falsecount="1"/>
      <line num="400" count="0" type="stmt"/>
      <line num="401" count="0" type="stmt"/>
      <line num="407" count="4" type="stmt"/>
      <line num="408" count="4" type="stmt"/>
      <line num="410" count="4" type="cond" truecount="2" falsecount="0"/>
      <line num="411" count="1" type="stmt"/>
      <line num="412" count="1" type="stmt"/>
      <line num="419" count="3" type="cond" truecount="2" falsecount="0"/>
      <line num="421" count="1" type="stmt"/>
      <line num="424" count="7" type="stmt"/>
      <line num="430" count="1" type="stmt"/>
      <line num="435" count="1" type="stmt"/>
      <line num="436" count="1" type="stmt"/>
      <line num="438" count="1" type="stmt"/>
      <line num="440" count="1" type="cond" truecount="1" falsecount="1"/>
      <line num="441" count="1" type="stmt"/>
      <line num="442" count="1" type="stmt"/>
      <line num="448" count="0" type="stmt"/>
      <line num="452" count="2" type="stmt"/>
      <line num="453" count="2" type="stmt"/>
      <line num="454" count="2" type="stmt"/>
      <line num="455" count="2" type="stmt"/>
      <line num="456" count="2" type="stmt"/>
      <line num="459" count="2" type="stmt"/>
      <line num="460" count="2" type="stmt"/>
      <line num="462" count="2" type="cond" truecount="1" falsecount="1"/>
      <line num="464" count="0" type="stmt"/>
      <line num="466" count="0" type="cond" truecount="0" falsecount="2"/>
      <line num="467" count="0" type="stmt"/>
      <line num="469" count="0" type="stmt"/>
      <line num="470" count="0" type="stmt"/>
      <line num="471" count="0" type="stmt"/>
      <line num="473" count="0" type="stmt"/>
      <line num="476" count="2" type="stmt"/>
      <line num="479" count="2" type="stmt"/>
      <line num="482" count="2" type="stmt"/>
      <line num="490" count="2" type="stmt"/>
      <line num="502" count="2" type="stmt"/>
      <line num="513" count="2" type="stmt"/>
      <line num="514" count="2" type="stmt"/>
      <line num="520" count="2" type="stmt"/>
      <line num="522" count="2" type="cond" truecount="1" falsecount="1"/>
      <line num="523" count="2" type="cond" truecount="1" falsecount="1"/>
      <line num="524" count="2" type="stmt"/>
      <line num="526" count="2" type="stmt"/>
      <line num="541" count="0" type="stmt"/>
      <line num="542" count="0" type="stmt"/>
      <line num="543" count="0" type="stmt"/>
      <line num="544" count="0" type="stmt"/>
      <line num="550" count="9" type="stmt"/>
      <line num="579" count="1" type="stmt"/>
      <line num="580" count="4" type="stmt"/>
      <line num="581" count="4" type="stmt"/>
      <line num="587" count="4" type="stmt"/>
      <line num="614" count="4" type="stmt"/>
      <line num="616" count="3" type="cond" truecount="2" falsecount="0"/>
      <line num="617" count="1" type="stmt"/>
      <line num="623" count="2" type="stmt"/>
      <line num="626" count="2" type="stmt"/>
      <line num="647" count="2" type="stmt"/>
      <line num="650" count="1" type="stmt"/>
      <line num="651" count="1" type="stmt"/>
      <line num="670" count="1" type="stmt"/>
      <line num="671" count="0" type="stmt"/>
      <line num="672" count="0" type="stmt"/>
      <line num="673" count="0" type="stmt"/>
      <line num="678" count="0" type="stmt"/>
      <line num="680" count="0" type="cond" truecount="0" falsecount="2"/>
      <line num="681" count="0" type="stmt"/>
      <line num="684" count="0" type="stmt"/>
      <line num="686" count="0" type="stmt"/>
      <line num="687" count="0" type="stmt"/>
      <line num="695" count="1" type="stmt"/>
      <line num="696" count="1" type="stmt"/>
      <line num="704" count="1" type="cond" truecount="1" falsecount="1"/>
      <line num="705" count="0" type="stmt"/>
      <line num="706" count="0" type="stmt"/>
      <line num="707" count="0" type="stmt"/>
      <line num="708" count="0" type="stmt"/>
      <line num="709" count="0" type="stmt"/>
      <line num="710" count="0" type="stmt"/>
      <line num="711" count="0" type="stmt"/>
      <line num="712" count="0" type="stmt"/>
      <line num="713" count="0" type="stmt"/>
      <line num="714" count="0" type="stmt"/>
      <line num="715" count="0" type="stmt"/>
      <line num="716" count="0" type="stmt"/>
      <line num="721" count="1" type="stmt"/>
    </file>
  </project>
</coverage>
