<?xml version="1.0" encoding="UTF-8"?>
<coverage generated="1770115435365" clover="3.2.0">
  <project timestamp="1770115435365" name="All files">
    <metrics statements="182" coveredstatements="82" conditionals="81" coveredconditionals="46" methods="16" coveredmethods="6" elements="279" coveredelements="134" complexity="0" loc="182" ncloc="182" packages="1" files="1" classes="1"/>
    <file name="index.js" path="D:\claude\mediev-h3-game\server\index.js">
      <metrics statements="182" coveredstatements="82" conditionals="81" coveredconditionals="46" methods="16" coveredmethods="6"/>
      <line num="1" count="1" type="stmt"/>
      <line num="2" count="1" type="stmt"/>
      <line num="3" count="1" type="stmt"/>
      <line num="4" count="1" type="stmt"/>
      <line num="6" count="1" type="stmt"/>
      <line num="7" count="1" type="cond" truecount="1" falsecount="1"/>
      <line num="10" count="1" type="stmt"/>
      <line num="11" count="1" type="stmt"/>
      <line num="14" count="1" type="stmt"/>
      <line num="52" count="1" type="stmt"/>
      <line num="53" count="4" type="stmt"/>
      <line num="54" count="4" type="stmt"/>
      <line num="57" count="4" type="cond" truecount="6" falsecount="0"/>
      <line num="58" count="1" type="stmt"/>
      <line num="64" count="3" type="stmt"/>
      <line num="72" count="3" type="cond" truecount="1" falsecount="1"/>
      <line num="73" count="0" type="stmt"/>
      <line num="80" count="3" type="cond" truecount="1" falsecount="1"/>
      <line num="83" count="3" type="cond" truecount="3" falsecount="1"/>
      <line num="84" count="0" type="stmt"/>
      <line num="90" count="3" type="stmt"/>
      <line num="93" count="3" type="stmt"/>
      <line num="100" count="3" type="stmt"/>
      <line num="101" count="3" type="stmt"/>
      <line num="103" count="3" type="stmt"/>
      <line num="105" count="3" type="cond" truecount="1" falsecount="1"/>
      <line num="106" count="0" type="stmt"/>
      <line num="107" count="0" type="stmt"/>
      <line num="111" count="3" type="stmt"/>
      <line num="116" count="894" type="stmt"/>
      <line num="119" count="3" type="stmt"/>
      <line num="135" count="3" type="stmt"/>
      <line num="139" count="2" type="stmt"/>
      <line num="141" count="3" type="stmt"/>
      <line num="143" count="3" type="stmt"/>
      <line num="161" count="2" type="stmt"/>
      <line num="162" count="2" type="stmt"/>
      <line num="163" count="2" type="stmt"/>
      <line num="166" count="1" type="stmt"/>
      <line num="167" count="1" type="stmt"/>
      <line num="168" count="1" type="stmt"/>
      <line num="190" count="1" type="stmt"/>
      <line num="191" count="0" type="stmt"/>
      <line num="192" count="0" type="stmt"/>
      <line num="194" count="0" type="stmt"/>
      <line num="204" count="0" type="stmt"/>
      <line num="206" count="0" type="cond" truecount="0" falsecount="4"/>
      <line num="207" count="0" type="stmt"/>
      <line num="208" count="0" type="stmt"/>
      <line num="212" count="0" type="stmt"/>
      <line num="213" count="0" type="stmt"/>
      <line num="216" count="0" type="stmt"/>
      <line num="217" count="0" type="stmt"/>
      <line num="219" count="0" type="stmt"/>
      <line num="228" count="0" type="stmt"/>
      <line num="229" count="0" type="stmt"/>
      <line num="231" count="0" type="stmt"/>
      <line num="233" count="0" type="stmt"/>
      <line num="234" count="0" type="stmt"/>
      <line num="235" count="0" type="stmt"/>
      <line num="238" count="0" type="stmt"/>
      <line num="239" count="0" type="stmt"/>
      <line num="240" count="0" type="stmt"/>
      <line num="258" count="1" type="stmt"/>
      <line num="259" count="0" type="stmt"/>
      <line num="260" count="0" type="stmt"/>
      <line num="269" count="0" type="stmt"/>
      <line num="271" count="0" type="stmt"/>
      <line num="277" count="0" type="stmt"/>
      <line num="278" count="0" type="stmt"/>
      <line num="281" count="0" type="stmt"/>
      <line num="282" count="0" type="stmt"/>
      <line num="293" count="0" type="stmt"/>
      <line num="320" count="1" type="stmt"/>
      <line num="321" count="9" type="stmt"/>
      <line num="323" count="9" type="stmt"/>
      <line num="324" count="9" type="stmt"/>
      <line num="327" count="9" type="cond" truecount="4" falsecount="0"/>
      <line num="328" count="2" type="stmt"/>
      <line num="334" count="7" type="stmt"/>
      <line num="337" count="7" type="stmt"/>
      <line num="340" count="7" type="stmt"/>
      <line num="343" count="7" type="stmt"/>
      <line num="348" count="7" type="stmt"/>
      <line num="349" count="7" type="stmt"/>
      <line num="350" count="7" type="stmt"/>
      <line num="352" count="7" type="stmt"/>
      <line num="355" count="7" type="stmt"/>
      <line num="361" count="7" type="stmt"/>
      <line num="363" count="7" type="cond" truecount="2" falsecount="0"/>
      <line num="364" count="6" type="stmt"/>
      <line num="365" count="6" type="stmt"/>
      <line num="371" count="1" type="stmt"/>
      <line num="374" count="1" type="cond" truecount="3" falsecount="1"/>
      <line num="375" count="0" type="stmt"/>
      <line num="376" count="0" type="stmt"/>
      <line num="383" count="1" type="cond" truecount="1" falsecount="1"/>
      <line num="384" count="1" type="stmt"/>
      <line num="385" count="1" type="stmt"/>
      <line num="392" count="0" type="stmt"/>
      <line num="398" count="0" type="stmt"/>
      <line num="400" count="0" type="cond" truecount="0" falsecount="2"/>
      <line num="401" count="0" type="stmt"/>
      <line num="402" count="0" type="stmt"/>
      <line num="408" count="0" type="stmt"/>
      <line num="409" count="0" type="stmt"/>
      <line num="411" count="0" type="cond" truecount="0" falsecount="2"/>
      <line num="412" count="0" type="stmt"/>
      <line num="413" count="0" type="stmt"/>
      <line num="420" count="0" type="cond" truecount="0" falsecount="2"/>
      <line num="422" count="0" type="stmt"/>
      <line num="425" count="0" type="stmt"/>
      <line num="428" count="0" type="stmt"/>
      <line num="431" count="0" type="stmt"/>
      <line num="436" count="0" type="stmt"/>
      <line num="437" count="0" type="stmt"/>
      <line num="439" count="0" type="stmt"/>
      <line num="441" count="0" type="cond" truecount="0" falsecount="2"/>
      <line num="442" count="0" type="stmt"/>
      <line num="443" count="0" type="stmt"/>
      <line num="449" count="0" type="stmt"/>
      <line num="453" count="0" type="stmt"/>
      <line num="454" count="0" type="stmt"/>
      <line num="455" count="0" type="stmt"/>
      <line num="456" count="0" type="stmt"/>
      <line num="457" count="0" type="stmt"/>
      <line num="458" count="0" type="stmt"/>
      <line num="460" count="0" type="stmt"/>
      <line num="463" count="0" type="stmt"/>
      <line num="471" count="0" type="stmt"/>
      <line num="484" count="0" type="stmt"/>
      <line num="495" count="0" type="stmt"/>
      <line num="496" count="0" type="stmt"/>
      <line num="502" count="0" type="stmt"/>
      <line num="504" count="0" type="cond" truecount="0" falsecount="2"/>
      <line num="505" count="0" type="cond" truecount="0" falsecount="2"/>
      <line num="506" count="0" type="stmt"/>
      <line num="508" count="0" type="stmt"/>
      <line num="518" count="0" type="stmt"/>
      <line num="519" count="0" type="stmt"/>
      <line num="520" count="0" type="stmt"/>
      <line num="521" count="0" type="stmt"/>
      <line num="527" count="9" type="stmt"/>
      <line num="556" count="1" type="stmt"/>
      <line num="557" count="4" type="stmt"/>
      <line num="558" count="4" type="stmt"/>
      <line num="561" count="4" type="stmt"/>
      <line num="564" count="4" type="stmt"/>
      <line num="591" count="4" type="stmt"/>
      <line num="593" count="3" type="cond" truecount="2" falsecount="0"/>
      <line num="594" count="1" type="stmt"/>
      <line num="600" count="2" type="stmt"/>
      <line num="603" count="2" type="stmt"/>
      <line num="624" count="2" type="stmt"/>
      <line num="627" count="1" type="stmt"/>
      <line num="628" count="1" type="stmt"/>
      <line num="647" count="1" type="stmt"/>
      <line num="648" count="0" type="stmt"/>
      <line num="649" count="0" type="stmt"/>
      <line num="650" count="0" type="stmt"/>
      <line num="655" count="0" type="stmt"/>
      <line num="657" count="0" type="cond" truecount="0" falsecount="2"/>
      <line num="658" count="0" type="stmt"/>
      <line num="661" count="0" type="stmt"/>
      <line num="663" count="0" type="stmt"/>
      <line num="664" count="0" type="stmt"/>
      <line num="672" count="1" type="stmt"/>
      <line num="673" count="1" type="stmt"/>
      <line num="681" count="1" type="cond" truecount="1" falsecount="1"/>
      <line num="682" count="0" type="stmt"/>
      <line num="683" count="0" type="stmt"/>
      <line num="684" count="0" type="stmt"/>
      <line num="685" count="0" type="stmt"/>
      <line num="686" count="0" type="stmt"/>
      <line num="687" count="0" type="stmt"/>
      <line num="688" count="0" type="stmt"/>
      <line num="689" count="0" type="stmt"/>
      <line num="690" count="0" type="stmt"/>
      <line num="691" count="0" type="stmt"/>
      <line num="692" count="0" type="stmt"/>
      <line num="693" count="0" type="stmt"/>
      <line num="698" count="1" type="stmt"/>
    </file>
  </project>
</coverage>
