{"D:\\claude\\mediev-h3-game\\server\\index.js": {"path":"D:\\claude\\mediev-h3-game\\server\\index.js","statementMap":{"0":{"start":{"line":1,"column":16},"end":{"line":1,"column":34}},"1":{"start":{"line":2,"column":13},"end":{"line":2,"column":28}},"2":{"start":{"line":3,"column":13},"end":{"line":3,"column":28}},"3":{"start":{"line":4,"column":11},"end":{"line":4,"column":27}},"4":{"start":{"line":6,"column":12},"end":{"line":6,"column":21}},"5":{"start":{"line":7,"column":13},"end":{"line":7,"column":37}},"6":{"start":{"line":10,"column":0},"end":{"line":10,"column":16}},"7":{"start":{"line":11,"column":0},"end":{"line":11,"column":24}},"8":{"start":{"line":14,"column":23},"end":{"line":29,"column":1}},"9":{"start":{"line":52,"column":0},"end":{"line":174,"column":3}},"10":{"start":{"line":53,"column":2},"end":{"line":173,"column":3}},"11":{"start":{"line":54,"column":64},"end":{"line":54,"column":73}},"12":{"start":{"line":57,"column":4},"end":{"line":62,"column":5}},"13":{"start":{"line":58,"column":6},"end":{"line":61,"column":9}},"14":{"start":{"line":64,"column":19},"end":{"line":69,"column":5}},"15":{"start":{"line":72,"column":4},"end":{"line":77,"column":5}},"16":{"start":{"line":73,"column":6},"end":{"line":76,"column":9}},"17":{"start":{"line":80,"column":26},"end":{"line":80,"column":67}},"18":{"start":{"line":83,"column":4},"end":{"line":88,"column":5}},"19":{"start":{"line":84,"column":6},"end":{"line":87,"column":9}},"20":{"start":{"line":90,"column":4},"end":{"line":90,"column":125}},"21":{"start":{"line":93,"column":20},"end":{"line":98,"column":5}},"22":{"start":{"line":100,"column":23},"end":{"line":100,"column":64}},"23":{"start":{"line":101,"column":25},"end":{"line":101,"column":47}},"24":{"start":{"line":103,"column":4},"end":{"line":103,"column":84}},"25":{"start":{"line":105,"column":4},"end":{"line":108,"column":5}},"26":{"start":{"line":106,"column":6},"end":{"line":106,"column":49}},"27":{"start":{"line":107,"column":6},"end":{"line":107,"column":26}},"28":{"start":{"line":111,"column":25},"end":{"line":111,"column":53}},"29":{"start":{"line":116,"column":26},"end":{"line":116,"column":86}},"30":{"start":{"line":116,"column":53},"end":{"line":116,"column":85}},"31":{"start":{"line":119,"column":18},"end":{"line":133,"column":5}},"32":{"start":{"line":135,"column":19},"end":{"line":135,"column":59}},"33":{"start":{"line":139,"column":21},"end":{"line":159,"column":6}},"34":{"start":{"line":141,"column":20},"end":{"line":141,"column":53}},"35":{"start":{"line":143,"column":6},"end":{"line":158,"column":8}},"36":{"start":{"line":161,"column":4},"end":{"line":161,"column":81}},"37":{"start":{"line":162,"column":4},"end":{"line":162,"column":69}},"38":{"start":{"line":163,"column":4},"end":{"line":163,"column":23}},"39":{"start":{"line":166,"column":4},"end":{"line":166,"column":55}},"40":{"start":{"line":167,"column":4},"end":{"line":167,"column":47}},"41":{"start":{"line":168,"column":4},"end":{"line":172,"column":7}},"42":{"start":{"line":190,"column":0},"end":{"line":246,"column":3}},"43":{"start":{"line":191,"column":2},"end":{"line":245,"column":3}},"44":{"start":{"line":192,"column":4},"end":{"line":192,"column":57}},"45":{"start":{"line":194,"column":18},"end":{"line":202,"column":5}},"46":{"start":{"line":204,"column":19},"end":{"line":204,"column":42}},"47":{"start":{"line":206,"column":4},"end":{"line":209,"column":5}},"48":{"start":{"line":207,"column":6},"end":{"line":207,"column":54}},"49":{"start":{"line":208,"column":6},"end":{"line":208,"column":26}},"50":{"start":{"line":212,"column":24},"end":{"line":231,"column":30}},"51":{"start":{"line":213,"column":6},"end":{"line":230,"column":7}},"52":{"start":{"line":216,"column":24},"end":{"line":216,"column":36}},"53":{"start":{"line":217,"column":27},"end":{"line":217,"column":51}},"54":{"start":{"line":219,"column":8},"end":{"line":226,"column":10}},"55":{"start":{"line":228,"column":8},"end":{"line":228,"column":76}},"56":{"start":{"line":229,"column":8},"end":{"line":229,"column":20}},"57":{"start":{"line":231,"column":19},"end":{"line":231,"column":29}},"58":{"start":{"line":233,"column":4},"end":{"line":233,"column":64}},"59":{"start":{"line":234,"column":4},"end":{"line":234,"column":69}},"60":{"start":{"line":235,"column":4},"end":{"line":235,"column":26}},"61":{"start":{"line":238,"column":4},"end":{"line":238,"column":58}},"62":{"start":{"line":239,"column":4},"end":{"line":239,"column":47}},"63":{"start":{"line":240,"column":4},"end":{"line":244,"column":7}},"64":{"start":{"line":258,"column":0},"end":{"line":287,"column":3}},"65":{"start":{"line":259,"column":2},"end":{"line":286,"column":3}},"66":{"start":{"line":260,"column":18},"end":{"line":267,"column":5}},"67":{"start":{"line":269,"column":19},"end":{"line":269,"column":42}},"68":{"start":{"line":271,"column":25},"end":{"line":275,"column":7}},"69":{"start":{"line":271,"column":49},"end":{"line":275,"column":5}},"70":{"start":{"line":277,"column":4},"end":{"line":277,"column":67}},"71":{"start":{"line":278,"column":4},"end":{"line":278,"column":27}},"72":{"start":{"line":281,"column":4},"end":{"line":281,"column":58}},"73":{"start":{"line":282,"column":4},"end":{"line":285,"column":7}},"74":{"start":{"line":293,"column":2},"end":{"line":293,"column":59}},"75":{"start":{"line":320,"column":0},"end":{"line":529,"column":3}},"76":{"start":{"line":321,"column":17},"end":{"line":321,"column":37}},"77":{"start":{"line":323,"column":2},"end":{"line":528,"column":3}},"78":{"start":{"line":324,"column":36},"end":{"line":324,"column":44}},"79":{"start":{"line":327,"column":4},"end":{"line":332,"column":5}},"80":{"start":{"line":328,"column":6},"end":{"line":331,"column":9}},"81":{"start":{"line":334,"column":4},"end":{"line":334,"column":79}},"82":{"start":{"line":337,"column":22},"end":{"line":337,"column":56}},"83":{"start":{"line":340,"column":4},"end":{"line":340,"column":32}},"84":{"start":{"line":343,"column":32},"end":{"line":347,"column":5}},"85":{"start":{"line":348,"column":33},"end":{"line":348,"column":85}},"86":{"start":{"line":349,"column":33},"end":{"line":349,"column":77}},"87":{"start":{"line":350,"column":30},"end":{"line":350,"column":56}},"88":{"start":{"line":352,"column":4},"end":{"line":352,"column":138}},"89":{"start":{"line":355,"column":21},"end":{"line":360,"column":5}},"90":{"start":{"line":361,"column":22},"end":{"line":361,"column":63}},"91":{"start":{"line":363,"column":4},"end":{"line":369,"column":5}},"92":{"start":{"line":364,"column":6},"end":{"line":364,"column":37}},"93":{"start":{"line":365,"column":6},"end":{"line":368,"column":9}},"94":{"start":{"line":371,"column":16},"end":{"line":371,"column":33}},"95":{"start":{"line":374,"column":4},"end":{"line":380,"column":5}},"96":{"start":{"line":375,"column":6},"end":{"line":375,"column":37}},"97":{"start":{"line":376,"column":6},"end":{"line":379,"column":9}},"98":{"start":{"line":383,"column":4},"end":{"line":389,"column":5}},"99":{"start":{"line":384,"column":6},"end":{"line":384,"column":37}},"100":{"start":{"line":385,"column":6},"end":{"line":388,"column":9}},"101":{"start":{"line":392,"column":24},"end":{"line":397,"column":5}},"102":{"start":{"line":398,"column":25},"end":{"line":398,"column":69}},"103":{"start":{"line":400,"column":4},"end":{"line":406,"column":5}},"104":{"start":{"line":401,"column":6},"end":{"line":401,"column":37}},"105":{"start":{"line":402,"column":6},"end":{"line":405,"column":9}},"106":{"start":{"line":408,"column":19},"end":{"line":408,"column":39}},"107":{"start":{"line":409,"column":23},"end":{"line":409,"column":26}},"108":{"start":{"line":411,"column":4},"end":{"line":417,"column":5}},"109":{"start":{"line":412,"column":6},"end":{"line":412,"column":37}},"110":{"start":{"line":413,"column":6},"end":{"line":416,"column":9}},"111":{"start":{"line":420,"column":4},"end":{"line":450,"column":5}},"112":{"start":{"line":422,"column":24},"end":{"line":422,"column":48}},"113":{"start":{"line":425,"column":33},"end":{"line":425,"column":84}},"114":{"start":{"line":425,"column":62},"end":{"line":425,"column":83}},"115":{"start":{"line":428,"column":30},"end":{"line":428,"column":96}},"116":{"start":{"line":428,"column":63},"end":{"line":428,"column":95}},"117":{"start":{"line":431,"column":28},"end":{"line":435,"column":7}},"118":{"start":{"line":436,"column":29},"end":{"line":436,"column":92}},"119":{"start":{"line":437,"column":33},"end":{"line":437,"column":71}},"120":{"start":{"line":439,"column":6},"end":{"line":439,"column":94}},"121":{"start":{"line":441,"column":6},"end":{"line":447,"column":7}},"122":{"start":{"line":442,"column":8},"end":{"line":442,"column":39}},"123":{"start":{"line":443,"column":8},"end":{"line":446,"column":11}},"124":{"start":{"line":449,"column":6},"end":{"line":449,"column":84}},"125":{"start":{"line":453,"column":30},"end":{"line":453,"column":52}},"126":{"start":{"line":454,"column":29},"end":{"line":454,"column":49}},"127":{"start":{"line":455,"column":24},"end":{"line":455,"column":45}},"128":{"start":{"line":456,"column":24},"end":{"line":456,"column":45}},"129":{"start":{"line":457,"column":25},"end":{"line":457,"column":46}},"130":{"start":{"line":458,"column":24},"end":{"line":458,"column":45}},"131":{"start":{"line":460,"column":4},"end":{"line":460,"column":196}},"132":{"start":{"line":463,"column":4},"end":{"line":468,"column":6}},"133":{"start":{"line":471,"column":40},"end":{"line":483,"column":5}},"134":{"start":{"line":484,"column":4},"end":{"line":492,"column":7}},"135":{"start":{"line":495,"column":20},"end":{"line":495,"column":44}},"136":{"start":{"line":496,"column":4},"end":{"line":499,"column":6}},"137":{"start":{"line":502,"column":4},"end":{"line":502,"column":33}},"138":{"start":{"line":504,"column":26},"end":{"line":504,"column":98}},"139":{"start":{"line":505,"column":24},"end":{"line":505,"column":60}},"140":{"start":{"line":506,"column":4},"end":{"line":506,"column":149}},"141":{"start":{"line":508,"column":4},"end":{"line":515,"column":7}},"142":{"start":{"line":518,"column":4},"end":{"line":518,"column":35}},"143":{"start":{"line":519,"column":4},"end":{"line":519,"column":56}},"144":{"start":{"line":520,"column":4},"end":{"line":520,"column":47}},"145":{"start":{"line":521,"column":4},"end":{"line":525,"column":7}},"146":{"start":{"line":527,"column":4},"end":{"line":527,"column":21}},"147":{"start":{"line":556,"column":0},"end":{"line":634,"column":3}},"148":{"start":{"line":557,"column":2},"end":{"line":633,"column":3}},"149":{"start":{"line":558,"column":25},"end":{"line":558,"column":35}},"150":{"start":{"line":561,"column":22},"end":{"line":561,"column":56}},"151":{"start":{"line":564,"column":18},"end":{"line":589,"column":5}},"152":{"start":{"line":591,"column":19},"end":{"line":591,"column":55}},"153":{"start":{"line":593,"column":4},"end":{"line":598,"column":5}},"154":{"start":{"line":594,"column":6},"end":{"line":597,"column":9}},"155":{"start":{"line":600,"column":17},"end":{"line":600,"column":31}},"156":{"start":{"line":603,"column":21},"end":{"line":622,"column":5}},"157":{"start":{"line":624,"column":4},"end":{"line":624,"column":23}},"158":{"start":{"line":627,"column":4},"end":{"line":627,"column":57}},"159":{"start":{"line":628,"column":4},"end":{"line":632,"column":7}},"160":{"start":{"line":647,"column":0},"end":{"line":666,"column":3}},"161":{"start":{"line":648,"column":2},"end":{"line":665,"column":3}},"162":{"start":{"line":649,"column":19},"end":{"line":649,"column":29}},"163":{"start":{"line":650,"column":18},"end":{"line":654,"column":5}},"164":{"start":{"line":655,"column":19},"end":{"line":655,"column":48}},"165":{"start":{"line":657,"column":4},"end":{"line":659,"column":5}},"166":{"start":{"line":658,"column":6},"end":{"line":658,"column":65}},"167":{"start":{"line":661,"column":4},"end":{"line":661,"column":29}},"168":{"start":{"line":663,"column":4},"end":{"line":663,"column":51}},"169":{"start":{"line":664,"column":4},"end":{"line":664,"column":61}},"170":{"start":{"line":672,"column":0},"end":{"line":678,"column":3}},"171":{"start":{"line":673,"column":2},"end":{"line":677,"column":5}},"172":{"start":{"line":681,"column":0},"end":{"line":695,"column":1}},"173":{"start":{"line":682,"column":2},"end":{"line":694,"column":5}},"174":{"start":{"line":683,"column":4},"end":{"line":683,"column":65}},"175":{"start":{"line":684,"column":4},"end":{"line":684,"column":37}},"176":{"start":{"line":685,"column":4},"end":{"line":685,"column":86}},"177":{"start":{"line":686,"column":4},"end":{"line":686,"column":45}},"178":{"start":{"line":687,"column":4},"end":{"line":687,"column":47}},"179":{"start":{"line":688,"column":4},"end":{"line":688,"column":84}},"180":{"start":{"line":689,"column":4},"end":{"line":689,"column":36}},"181":{"start":{"line":690,"column":4},"end":{"line":690,"column":45}},"182":{"start":{"line":691,"column":4},"end":{"line":691,"column":54}},"183":{"start":{"line":692,"column":4},"end":{"line":692,"column":44}},"184":{"start":{"line":693,"column":4},"end":{"line":693,"column":86}},"185":{"start":{"line":698,"column":0},"end":{"line":698,"column":21}}},"fnMap":{"0":{"name":"(anonymous_0)","decl":{"start":{"line":52,"column":27},"end":{"line":52,"column":28}},"loc":{"start":{"line":52,"column":47},"end":{"line":174,"column":1}},"line":52},"1":{"name":"(anonymous_1)","decl":{"start":{"line":116,"column":43},"end":{"line":116,"column":44}},"loc":{"start":{"line":116,"column":53},"end":{"line":116,"column":85}},"line":116},"2":{"name":"(anonymous_2)","decl":{"start":{"line":139,"column":37},"end":{"line":139,"column":38}},"loc":{"start":{"line":139,"column":44},"end":{"line":159,"column":5}},"line":139},"3":{"name":"(anonymous_3)","decl":{"start":{"line":190,"column":28},"end":{"line":190,"column":29}},"loc":{"start":{"line":190,"column":48},"end":{"line":246,"column":1}},"line":190},"4":{"name":"(anonymous_4)","decl":{"start":{"line":212,"column":40},"end":{"line":212,"column":41}},"loc":{"start":{"line":212,"column":49},"end":{"line":231,"column":5}},"line":212},"5":{"name":"(anonymous_5)","decl":{"start":{"line":231,"column":14},"end":{"line":231,"column":15}},"loc":{"start":{"line":231,"column":19},"end":{"line":231,"column":29}},"line":231},"6":{"name":"(anonymous_6)","decl":{"start":{"line":258,"column":30},"end":{"line":258,"column":31}},"loc":{"start":{"line":258,"column":50},"end":{"line":287,"column":1}},"line":258},"7":{"name":"(anonymous_7)","decl":{"start":{"line":271,"column":41},"end":{"line":271,"column":42}},"loc":{"start":{"line":271,"column":49},"end":{"line":275,"column":5}},"line":271},"8":{"name":"getRandomInt","decl":{"start":{"line":292,"column":9},"end":{"line":292,"column":21}},"loc":{"start":{"line":292,"column":32},"end":{"line":294,"column":1}},"line":292},"9":{"name":"(anonymous_9)","decl":{"start":{"line":320,"column":28},"end":{"line":320,"column":29}},"loc":{"start":{"line":320,"column":48},"end":{"line":529,"column":1}},"line":320},"10":{"name":"(anonymous_10)","decl":{"start":{"line":425,"column":50},"end":{"line":425,"column":51}},"loc":{"start":{"line":425,"column":62},"end":{"line":425,"column":83}},"line":425},"11":{"name":"(anonymous_11)","decl":{"start":{"line":428,"column":53},"end":{"line":428,"column":54}},"loc":{"start":{"line":428,"column":63},"end":{"line":428,"column":95}},"line":428},"12":{"name":"(anonymous_12)","decl":{"start":{"line":556,"column":43},"end":{"line":556,"column":44}},"loc":{"start":{"line":556,"column":63},"end":{"line":634,"column":1}},"line":556},"13":{"name":"(anonymous_13)","decl":{"start":{"line":647,"column":28},"end":{"line":647,"column":29}},"loc":{"start":{"line":647,"column":48},"end":{"line":666,"column":1}},"line":647},"14":{"name":"(anonymous_14)","decl":{"start":{"line":672,"column":19},"end":{"line":672,"column":20}},"loc":{"start":{"line":672,"column":33},"end":{"line":678,"column":1}},"line":672},"15":{"name":"(anonymous_15)","decl":{"start":{"line":682,"column":19},"end":{"line":682,"column":20}},"loc":{"start":{"line":682,"column":25},"end":{"line":694,"column":3}},"line":682}},"branchMap":{"0":{"loc":{"start":{"line":7,"column":13},"end":{"line":7,"column":37}},"type":"binary-expr","locations":[{"start":{"line":7,"column":13},"end":{"line":7,"column":29}},{"start":{"line":7,"column":33},"end":{"line":7,"column":37}}],"line":7},"1":{"loc":{"start":{"line":57,"column":4},"end":{"line":62,"column":5}},"type":"if","locations":[{"start":{"line":57,"column":4},"end":{"line":62,"column":5}},{"start":{},"end":{}}],"line":57},"2":{"loc":{"start":{"line":57,"column":8},"end":{"line":57,"column":48}},"type":"binary-expr","locations":[{"start":{"line":57,"column":8},"end":{"line":57,"column":15}},{"start":{"line":57,"column":19},"end":{"line":57,"column":26}},{"start":{"line":57,"column":30},"end":{"line":57,"column":37}},{"start":{"line":57,"column":41},"end":{"line":57,"column":48}}],"line":57},"3":{"loc":{"start":{"line":72,"column":4},"end":{"line":77,"column":5}},"type":"if","locations":[{"start":{"line":72,"column":4},"end":{"line":77,"column":5}},{"start":{},"end":{}}],"line":72},"4":{"loc":{"start":{"line":80,"column":26},"end":{"line":80,"column":67}},"type":"cond-expr","locations":[{"start":{"line":80,"column":39},"end":{"line":80,"column":63}},{"start":{"line":80,"column":66},"end":{"line":80,"column":67}}],"line":80},"5":{"loc":{"start":{"line":83,"column":4},"end":{"line":88,"column":5}},"type":"if","locations":[{"start":{"line":83,"column":4},"end":{"line":88,"column":5}},{"start":{},"end":{}}],"line":83},"6":{"loc":{"start":{"line":83,"column":8},"end":{"line":83,"column":47}},"type":"binary-expr","locations":[{"start":{"line":83,"column":8},"end":{"line":83,"column":25}},{"start":{"line":83,"column":29},"end":{"line":83,"column":47}}],"line":83},"7":{"loc":{"start":{"line":105,"column":4},"end":{"line":108,"column":5}},"type":"if","locations":[{"start":{"line":105,"column":4},"end":{"line":108,"column":5}},{"start":{},"end":{}}],"line":105},"8":{"loc":{"start":{"line":146,"column":23},"end":{"line":146,"column":53}},"type":"binary-expr","locations":[{"start":{"line":146,"column":23},"end":{"line":146,"column":40}},{"start":{"line":146,"column":44},"end":{"line":146,"column":53}}],"line":146},"9":{"loc":{"start":{"line":147,"column":18},"end":{"line":147,"column":39}},"type":"binary-expr","locations":[{"start":{"line":147,"column":18},"end":{"line":147,"column":30}},{"start":{"line":147,"column":34},"end":{"line":147,"column":39}}],"line":147},"10":{"loc":{"start":{"line":150,"column":19},"end":{"line":150,"column":40}},"type":"binary-expr","locations":[{"start":{"line":150,"column":19},"end":{"line":150,"column":32}},{"start":{"line":150,"column":36},"end":{"line":150,"column":40}}],"line":150},"11":{"loc":{"start":{"line":151,"column":22},"end":{"line":151,"column":46}},"type":"binary-expr","locations":[{"start":{"line":151,"column":22},"end":{"line":151,"column":38}},{"start":{"line":151,"column":42},"end":{"line":151,"column":46}}],"line":151},"12":{"loc":{"start":{"line":154,"column":26},"end":{"line":154,"column":51}},"type":"binary-expr","locations":[{"start":{"line":154,"column":26},"end":{"line":154,"column":46}},{"start":{"line":154,"column":50},"end":{"line":154,"column":51}}],"line":154},"13":{"loc":{"start":{"line":155,"column":19},"end":{"line":155,"column":40}},"type":"binary-expr","locations":[{"start":{"line":155,"column":19},"end":{"line":155,"column":32}},{"start":{"line":155,"column":36},"end":{"line":155,"column":40}}],"line":155},"14":{"loc":{"start":{"line":156,"column":23},"end":{"line":156,"column":48}},"type":"binary-expr","locations":[{"start":{"line":156,"column":23},"end":{"line":156,"column":40}},{"start":{"line":156,"column":44},"end":{"line":156,"column":48}}],"line":156},"15":{"loc":{"start":{"line":157,"column":25},"end":{"line":157,"column":52}},"type":"binary-expr","locations":[{"start":{"line":157,"column":25},"end":{"line":157,"column":44}},{"start":{"line":157,"column":48},"end":{"line":157,"column":52}}],"line":157},"16":{"loc":{"start":{"line":171,"column":15},"end":{"line":171,"column":79}},"type":"cond-expr","locations":[{"start":{"line":171,"column":56},"end":{"line":171,"column":67}},{"start":{"line":171,"column":70},"end":{"line":171,"column":79}}],"line":171},"17":{"loc":{"start":{"line":206,"column":4},"end":{"line":209,"column":5}},"type":"if","locations":[{"start":{"line":206,"column":4},"end":{"line":209,"column":5}},{"start":{},"end":{}}],"line":206},"18":{"loc":{"start":{"line":206,"column":8},"end":{"line":206,"column":48}},"type":"binary-expr","locations":[{"start":{"line":206,"column":8},"end":{"line":206,"column":20}},{"start":{"line":206,"column":24},"end":{"line":206,"column":48}}],"line":206},"19":{"loc":{"start":{"line":243,"column":15},"end":{"line":243,"column":79}},"type":"cond-expr","locations":[{"start":{"line":243,"column":56},"end":{"line":243,"column":67}},{"start":{"line":243,"column":70},"end":{"line":243,"column":79}}],"line":243},"20":{"loc":{"start":{"line":274,"column":13},"end":{"line":274,"column":63}},"type":"binary-expr","locations":[{"start":{"line":274,"column":13},"end":{"line":274,"column":22}},{"start":{"line":274,"column":26},"end":{"line":274,"column":50}},{"start":{"line":274,"column":54},"end":{"line":274,"column":63}}],"line":274},"21":{"loc":{"start":{"line":327,"column":4},"end":{"line":332,"column":5}},"type":"if","locations":[{"start":{"line":327,"column":4},"end":{"line":332,"column":5}},{"start":{},"end":{}}],"line":327},"22":{"loc":{"start":{"line":327,"column":8},"end":{"line":327,"column":31}},"type":"binary-expr","locations":[{"start":{"line":327,"column":8},"end":{"line":327,"column":18}},{"start":{"line":327,"column":22},"end":{"line":327,"column":31}}],"line":327},"23":{"loc":{"start":{"line":363,"column":4},"end":{"line":369,"column":5}},"type":"if","locations":[{"start":{"line":363,"column":4},"end":{"line":369,"column":5}},{"start":{},"end":{}}],"line":363},"24":{"loc":{"start":{"line":374,"column":4},"end":{"line":380,"column":5}},"type":"if","locations":[{"start":{"line":374,"column":4},"end":{"line":380,"column":5}},{"start":{},"end":{}}],"line":374},"25":{"loc":{"start":{"line":374,"column":8},"end":{"line":374,"column":62}},"type":"binary-expr","locations":[{"start":{"line":374,"column":8},"end":{"line":374,"column":33}},{"start":{"line":374,"column":37},"end":{"line":374,"column":62}}],"line":374},"26":{"loc":{"start":{"line":383,"column":4},"end":{"line":389,"column":5}},"type":"if","locations":[{"start":{"line":383,"column":4},"end":{"line":389,"column":5}},{"start":{},"end":{}}],"line":383},"27":{"loc":{"start":{"line":400,"column":4},"end":{"line":406,"column":5}},"type":"if","locations":[{"start":{"line":400,"column":4},"end":{"line":406,"column":5}},{"start":{},"end":{}}],"line":400},"28":{"loc":{"start":{"line":411,"column":4},"end":{"line":417,"column":5}},"type":"if","locations":[{"start":{"line":411,"column":4},"end":{"line":417,"column":5}},{"start":{},"end":{}}],"line":411},"29":{"loc":{"start":{"line":420,"column":4},"end":{"line":450,"column":5}},"type":"if","locations":[{"start":{"line":420,"column":4},"end":{"line":450,"column":5}},{"start":{},"end":{}}],"line":420},"30":{"loc":{"start":{"line":441,"column":6},"end":{"line":447,"column":7}},"type":"if","locations":[{"start":{"line":441,"column":6},"end":{"line":447,"column":7}},{"start":{},"end":{}}],"line":441},"31":{"loc":{"start":{"line":504,"column":26},"end":{"line":504,"column":98}},"type":"cond-expr","locations":[{"start":{"line":504,"column":45},"end":{"line":504,"column":54}},{"start":{"line":504,"column":57},"end":{"line":504,"column":98}}],"line":504},"32":{"loc":{"start":{"line":505,"column":24},"end":{"line":505,"column":60}},"type":"cond-expr","locations":[{"start":{"line":505,"column":43},"end":{"line":505,"column":55}},{"start":{"line":505,"column":58},"end":{"line":505,"column":60}}],"line":505},"33":{"loc":{"start":{"line":512,"column":15},"end":{"line":514,"column":82}},"type":"cond-expr","locations":[{"start":{"line":513,"column":10},"end":{"line":513,"column":56}},{"start":{"line":514,"column":10},"end":{"line":514,"column":82}}],"line":512},"34":{"loc":{"start":{"line":593,"column":4},"end":{"line":598,"column":5}},"type":"if","locations":[{"start":{"line":593,"column":4},"end":{"line":598,"column":5}},{"start":{},"end":{}}],"line":593},"35":{"loc":{"start":{"line":611,"column":18},"end":{"line":611,"column":42}},"type":"binary-expr","locations":[{"start":{"line":611,"column":18},"end":{"line":611,"column":33}},{"start":{"line":611,"column":37},"end":{"line":611,"column":42}}],"line":611},"36":{"loc":{"start":{"line":614,"column":17},"end":{"line":621,"column":14}},"type":"cond-expr","locations":[{"start":{"line":614,"column":35},"end":{"line":621,"column":7}},{"start":{"line":621,"column":10},"end":{"line":621,"column":14}}],"line":614},"37":{"loc":{"start":{"line":657,"column":4},"end":{"line":659,"column":5}},"type":"if","locations":[{"start":{"line":657,"column":4},"end":{"line":659,"column":5}},{"start":{},"end":{}}],"line":657},"38":{"loc":{"start":{"line":681,"column":0},"end":{"line":695,"column":1}},"type":"if","locations":[{"start":{"line":681,"column":0},"end":{"line":695,"column":1}},{"start":{},"end":{}}],"line":681}},"s":{"0":1,"1":1,"2":1,"3":1,"4":1,"5":1,"6":1,"7":1,"8":1,"9":1,"10":4,"11":4,"12":4,"13":1,"14":3,"15":3,"16":0,"17":3,"18":3,"19":0,"20":3,"21":3,"22":3,"23":3,"24":3,"25":3,"26":0,"27":0,"28":3,"29":3,"30":894,"31":3,"32":3,"33":2,"34":3,"35":3,"36":2,"37":2,"38":2,"39":1,"40":1,"41":1,"42":1,"43":0,"44":0,"45":0,"46":0,"47":0,"48":0,"49":0,"50":0,"51":0,"52":0,"53":0,"54":0,"55":0,"56":0,"57":0,"58":0,"59":0,"60":0,"61":0,"62":0,"63":0,"64":1,"65":0,"66":0,"67":0,"68":0,"69":0,"70":0,"71":0,"72":0,"73":0,"74":0,"75":1,"76":9,"77":9,"78":9,"79":9,"80":2,"81":7,"82":7,"83":7,"84":7,"85":7,"86":7,"87":7,"88":7,"89":7,"90":7,"91":7,"92":6,"93":6,"94":1,"95":1,"96":0,"97":0,"98":1,"99":1,"100":1,"101":0,"102":0,"103":0,"104":0,"105":0,"106":0,"107":0,"108":0,"109":0,"110":0,"111":0,"112":0,"113":0,"114":0,"115":0,"116":0,"117":0,"118":0,"119":0,"120":0,"121":0,"122":0,"123":0,"124":0,"125":0,"126":0,"127":0,"128":0,"129":0,"130":0,"131":0,"132":0,"133":0,"134":0,"135":0,"136":0,"137":0,"138":0,"139":0,"140":0,"141":0,"142":0,"143":0,"144":0,"145":0,"146":9,"147":1,"148":4,"149":4,"150":4,"151":4,"152":4,"153":3,"154":1,"155":2,"156":2,"157":2,"158":1,"159":1,"160":1,"161":0,"162":0,"163":0,"164":0,"165":0,"166":0,"167":0,"168":0,"169":0,"170":1,"171":1,"172":1,"173":0,"174":0,"175":0,"176":0,"177":0,"178":0,"179":0,"180":0,"181":0,"182":0,"183":0,"184":0,"185":1},"f":{"0":4,"1":894,"2":3,"3":0,"4":0,"5":0,"6":0,"7":0,"8":0,"9":9,"10":0,"11":0,"12":4,"13":0,"14":1,"15":0},"b":{"0":[1,0],"1":[1,3],"2":[4,4,3,3],"3":[0,3],"4":[3,0],"5":[0,3],"6":[3,3],"7":[0,3],"8":[3,0],"9":[3,3],"10":[3,2],"11":[3,2],"12":[3,3],"13":[3,3],"14":[3,2],"15":[3,3],"16":[0,1],"17":[0,0],"18":[0,0],"19":[0,0],"20":[0,0,0],"21":[2,7],"22":[9,8],"23":[6,1],"24":[0,1],"25":[1,1],"26":[1,0],"27":[0,0],"28":[0,0],"29":[0,0],"30":[0,0],"31":[0,0],"32":[0,0],"33":[0,0],"34":[1,2],"35":[2,1],"36":[1,1],"37":[0,0],"38":[0,1]},"_coverageSchema":"1a1c01bbd47fc00a2c39e90264f33305004495a9","hash":"5beb948dcc6567a7d191bd67b4d7bef0071817bd"}
}
