{"D:\\claude\\mediev-h3-game\\server\\index.js": {"path":"D:\\claude\\mediev-h3-game\\server\\index.js","statementMap":{"0":{"start":{"line":1,"column":16},"end":{"line":1,"column":34}},"1":{"start":{"line":2,"column":13},"end":{"line":2,"column":28}},"2":{"start":{"line":3,"column":13},"end":{"line":3,"column":28}},"3":{"start":{"line":4,"column":11},"end":{"line":4,"column":27}},"4":{"start":{"line":6,"column":12},"end":{"line":6,"column":21}},"5":{"start":{"line":7,"column":13},"end":{"line":7,"column":37}},"6":{"start":{"line":10,"column":0},"end":{"line":10,"column":16}},"7":{"start":{"line":11,"column":0},"end":{"line":11,"column":24}},"8":{"start":{"line":14,"column":23},"end":{"line":29,"column":1}},"9":{"start":{"line":52,"column":0},"end":{"line":171,"column":3}},"10":{"start":{"line":53,"column":2},"end":{"line":170,"column":3}},"11":{"start":{"line":54,"column":64},"end":{"line":54,"column":73}},"12":{"start":{"line":57,"column":4},"end":{"line":62,"column":5}},"13":{"start":{"line":58,"column":6},"end":{"line":61,"column":9}},"14":{"start":{"line":64,"column":19},"end":{"line":69,"column":5}},"15":{"start":{"line":72,"column":4},"end":{"line":77,"column":5}},"16":{"start":{"line":73,"column":6},"end":{"line":76,"column":9}},"17":{"start":{"line":80,"column":26},"end":{"line":80,"column":67}},"18":{"start":{"line":83,"column":4},"end":{"line":88,"column":5}},"19":{"start":{"line":84,"column":6},"end":{"line":87,"column":9}},"20":{"start":{"line":90,"column":4},"end":{"line":90,"column":125}},"21":{"start":{"line":93,"column":20},"end":{"line":98,"column":5}},"22":{"start":{"line":100,"column":23},"end":{"line":100,"column":64}},"23":{"start":{"line":101,"column":25},"end":{"line":101,"column":47}},"24":{"start":{"line":103,"column":4},"end":{"line":103,"column":84}},"25":{"start":{"line":105,"column":4},"end":{"line":108,"column":5}},"26":{"start":{"line":106,"column":6},"end":{"line":106,"column":49}},"27":{"start":{"line":107,"column":6},"end":{"line":107,"column":26}},"28":{"start":{"line":111,"column":25},"end":{"line":111,"column":53}},"29":{"start":{"line":116,"column":26},"end":{"line":116,"column":38}},"30":{"start":{"line":119,"column":18},"end":{"line":133,"column":5}},"31":{"start":{"line":135,"column":19},"end":{"line":135,"column":59}},"32":{"start":{"line":139,"column":21},"end":{"line":156,"column":6}},"33":{"start":{"line":140,"column":6},"end":{"line":155,"column":8}},"34":{"start":{"line":158,"column":4},"end":{"line":158,"column":81}},"35":{"start":{"line":159,"column":4},"end":{"line":159,"column":69}},"36":{"start":{"line":160,"column":4},"end":{"line":160,"column":23}},"37":{"start":{"line":163,"column":4},"end":{"line":163,"column":55}},"38":{"start":{"line":164,"column":4},"end":{"line":164,"column":47}},"39":{"start":{"line":165,"column":4},"end":{"line":169,"column":7}},"40":{"start":{"line":187,"column":0},"end":{"line":243,"column":3}},"41":{"start":{"line":188,"column":2},"end":{"line":242,"column":3}},"42":{"start":{"line":189,"column":4},"end":{"line":189,"column":57}},"43":{"start":{"line":191,"column":18},"end":{"line":199,"column":5}},"44":{"start":{"line":201,"column":19},"end":{"line":201,"column":42}},"45":{"start":{"line":203,"column":4},"end":{"line":206,"column":5}},"46":{"start":{"line":204,"column":6},"end":{"line":204,"column":54}},"47":{"start":{"line":205,"column":6},"end":{"line":205,"column":26}},"48":{"start":{"line":209,"column":24},"end":{"line":228,"column":30}},"49":{"start":{"line":210,"column":6},"end":{"line":227,"column":7}},"50":{"start":{"line":213,"column":24},"end":{"line":213,"column":36}},"51":{"start":{"line":214,"column":27},"end":{"line":214,"column":51}},"52":{"start":{"line":216,"column":8},"end":{"line":223,"column":10}},"53":{"start":{"line":225,"column":8},"end":{"line":225,"column":76}},"54":{"start":{"line":226,"column":8},"end":{"line":226,"column":20}},"55":{"start":{"line":228,"column":19},"end":{"line":228,"column":29}},"56":{"start":{"line":230,"column":4},"end":{"line":230,"column":64}},"57":{"start":{"line":231,"column":4},"end":{"line":231,"column":69}},"58":{"start":{"line":232,"column":4},"end":{"line":232,"column":26}},"59":{"start":{"line":235,"column":4},"end":{"line":235,"column":58}},"60":{"start":{"line":236,"column":4},"end":{"line":236,"column":47}},"61":{"start":{"line":237,"column":4},"end":{"line":241,"column":7}},"62":{"start":{"line":255,"column":0},"end":{"line":284,"column":3}},"63":{"start":{"line":256,"column":2},"end":{"line":283,"column":3}},"64":{"start":{"line":257,"column":18},"end":{"line":264,"column":5}},"65":{"start":{"line":266,"column":19},"end":{"line":266,"column":42}},"66":{"start":{"line":268,"column":25},"end":{"line":272,"column":7}},"67":{"start":{"line":268,"column":49},"end":{"line":272,"column":5}},"68":{"start":{"line":274,"column":4},"end":{"line":274,"column":67}},"69":{"start":{"line":275,"column":4},"end":{"line":275,"column":27}},"70":{"start":{"line":278,"column":4},"end":{"line":278,"column":58}},"71":{"start":{"line":279,"column":4},"end":{"line":282,"column":7}},"72":{"start":{"line":290,"column":2},"end":{"line":290,"column":59}},"73":{"start":{"line":317,"column":0},"end":{"line":552,"column":3}},"74":{"start":{"line":318,"column":17},"end":{"line":318,"column":37}},"75":{"start":{"line":320,"column":2},"end":{"line":551,"column":3}},"76":{"start":{"line":321,"column":36},"end":{"line":321,"column":44}},"77":{"start":{"line":324,"column":4},"end":{"line":329,"column":5}},"78":{"start":{"line":325,"column":6},"end":{"line":328,"column":9}},"79":{"start":{"line":331,"column":4},"end":{"line":331,"column":79}},"80":{"start":{"line":337,"column":4},"end":{"line":337,"column":32}},"81":{"start":{"line":340,"column":32},"end":{"line":344,"column":5}},"82":{"start":{"line":345,"column":33},"end":{"line":345,"column":85}},"83":{"start":{"line":346,"column":33},"end":{"line":346,"column":77}},"84":{"start":{"line":347,"column":30},"end":{"line":347,"column":56}},"85":{"start":{"line":349,"column":4},"end":{"line":349,"column":138}},"86":{"start":{"line":352,"column":21},"end":{"line":359,"column":5}},"87":{"start":{"line":360,"column":22},"end":{"line":360,"column":62}},"88":{"start":{"line":362,"column":4},"end":{"line":368,"column":5}},"89":{"start":{"line":363,"column":6},"end":{"line":363,"column":37}},"90":{"start":{"line":364,"column":6},"end":{"line":367,"column":9}},"91":{"start":{"line":370,"column":16},"end":{"line":370,"column":33}},"92":{"start":{"line":373,"column":4},"end":{"line":379,"column":5}},"93":{"start":{"line":374,"column":6},"end":{"line":374,"column":37}},"94":{"start":{"line":375,"column":6},"end":{"line":378,"column":9}},"95":{"start":{"line":382,"column":4},"end":{"line":388,"column":5}},"96":{"start":{"line":383,"column":6},"end":{"line":383,"column":37}},"97":{"start":{"line":384,"column":6},"end":{"line":387,"column":9}},"98":{"start":{"line":391,"column":24},"end":{"line":396,"column":5}},"99":{"start":{"line":397,"column":25},"end":{"line":397,"column":69}},"100":{"start":{"line":399,"column":4},"end":{"line":405,"column":5}},"101":{"start":{"line":400,"column":6},"end":{"line":400,"column":37}},"102":{"start":{"line":401,"column":6},"end":{"line":404,"column":9}},"103":{"start":{"line":407,"column":19},"end":{"line":407,"column":39}},"104":{"start":{"line":408,"column":23},"end":{"line":408,"column":26}},"105":{"start":{"line":410,"column":4},"end":{"line":416,"column":5}},"106":{"start":{"line":411,"column":6},"end":{"line":411,"column":37}},"107":{"start":{"line":412,"column":6},"end":{"line":415,"column":9}},"108":{"start":{"line":419,"column":4},"end":{"line":449,"column":5}},"109":{"start":{"line":421,"column":24},"end":{"line":421,"column":48}},"110":{"start":{"line":424,"column":33},"end":{"line":424,"column":84}},"111":{"start":{"line":424,"column":62},"end":{"line":424,"column":83}},"112":{"start":{"line":430,"column":28},"end":{"line":434,"column":7}},"113":{"start":{"line":435,"column":29},"end":{"line":435,"column":95}},"114":{"start":{"line":436,"column":33},"end":{"line":436,"column":71}},"115":{"start":{"line":438,"column":6},"end":{"line":438,"column":94}},"116":{"start":{"line":440,"column":6},"end":{"line":446,"column":7}},"117":{"start":{"line":441,"column":8},"end":{"line":441,"column":39}},"118":{"start":{"line":442,"column":8},"end":{"line":445,"column":11}},"119":{"start":{"line":448,"column":6},"end":{"line":448,"column":84}},"120":{"start":{"line":452,"column":30},"end":{"line":452,"column":52}},"121":{"start":{"line":453,"column":29},"end":{"line":453,"column":49}},"122":{"start":{"line":454,"column":24},"end":{"line":454,"column":45}},"123":{"start":{"line":455,"column":24},"end":{"line":455,"column":45}},"124":{"start":{"line":456,"column":25},"end":{"line":456,"column":46}},"125":{"start":{"line":459,"column":22},"end":{"line":459,"column":23}},"126":{"start":{"line":460,"column":24},"end":{"line":460,"column":29}},"127":{"start":{"line":462,"column":4},"end":{"line":477,"column":5}},"128":{"start":{"line":464,"column":24},"end":{"line":464,"column":48}},"129":{"start":{"line":466,"column":6},"end":{"line":474,"column":7}},"130":{"start":{"line":467,"column":8},"end":{"line":467,"column":29}},"131":{"start":{"line":469,"column":25},"end":{"line":469,"column":48}},"132":{"start":{"line":470,"column":8},"end":{"line":470,"column":49}},"133":{"start":{"line":471,"column":8},"end":{"line":471,"column":111}},"134":{"start":{"line":473,"column":8},"end":{"line":473,"column":95}},"135":{"start":{"line":476,"column":6},"end":{"line":476,"column":81}},"136":{"start":{"line":479,"column":4},"end":{"line":479,"column":196}},"137":{"start":{"line":482,"column":4},"end":{"line":487,"column":6}},"138":{"start":{"line":490,"column":40},"end":{"line":501,"column":5}},"139":{"start":{"line":502,"column":4},"end":{"line":510,"column":7}},"140":{"start":{"line":513,"column":20},"end":{"line":513,"column":44}},"141":{"start":{"line":514,"column":4},"end":{"line":517,"column":6}},"142":{"start":{"line":520,"column":4},"end":{"line":520,"column":33}},"143":{"start":{"line":522,"column":26},"end":{"line":522,"column":98}},"144":{"start":{"line":523,"column":24},"end":{"line":523,"column":60}},"145":{"start":{"line":524,"column":4},"end":{"line":524,"column":149}},"146":{"start":{"line":526,"column":4},"end":{"line":538,"column":7}},"147":{"start":{"line":541,"column":4},"end":{"line":541,"column":35}},"148":{"start":{"line":542,"column":4},"end":{"line":542,"column":56}},"149":{"start":{"line":543,"column":4},"end":{"line":543,"column":47}},"150":{"start":{"line":544,"column":4},"end":{"line":548,"column":7}},"151":{"start":{"line":550,"column":4},"end":{"line":550,"column":21}},"152":{"start":{"line":579,"column":0},"end":{"line":657,"column":3}},"153":{"start":{"line":580,"column":2},"end":{"line":656,"column":3}},"154":{"start":{"line":581,"column":25},"end":{"line":581,"column":35}},"155":{"start":{"line":587,"column":18},"end":{"line":612,"column":5}},"156":{"start":{"line":614,"column":19},"end":{"line":614,"column":54}},"157":{"start":{"line":616,"column":4},"end":{"line":621,"column":5}},"158":{"start":{"line":617,"column":6},"end":{"line":620,"column":9}},"159":{"start":{"line":623,"column":17},"end":{"line":623,"column":31}},"160":{"start":{"line":626,"column":21},"end":{"line":645,"column":5}},"161":{"start":{"line":647,"column":4},"end":{"line":647,"column":23}},"162":{"start":{"line":650,"column":4},"end":{"line":650,"column":57}},"163":{"start":{"line":651,"column":4},"end":{"line":655,"column":7}},"164":{"start":{"line":670,"column":0},"end":{"line":689,"column":3}},"165":{"start":{"line":671,"column":2},"end":{"line":688,"column":3}},"166":{"start":{"line":672,"column":19},"end":{"line":672,"column":29}},"167":{"start":{"line":673,"column":18},"end":{"line":677,"column":5}},"168":{"start":{"line":678,"column":19},"end":{"line":678,"column":48}},"169":{"start":{"line":680,"column":4},"end":{"line":682,"column":5}},"170":{"start":{"line":681,"column":6},"end":{"line":681,"column":65}},"171":{"start":{"line":684,"column":4},"end":{"line":684,"column":29}},"172":{"start":{"line":686,"column":4},"end":{"line":686,"column":51}},"173":{"start":{"line":687,"column":4},"end":{"line":687,"column":61}},"174":{"start":{"line":695,"column":0},"end":{"line":701,"column":3}},"175":{"start":{"line":696,"column":2},"end":{"line":700,"column":5}},"176":{"start":{"line":704,"column":0},"end":{"line":718,"column":1}},"177":{"start":{"line":705,"column":2},"end":{"line":717,"column":5}},"178":{"start":{"line":706,"column":4},"end":{"line":706,"column":65}},"179":{"start":{"line":707,"column":4},"end":{"line":707,"column":37}},"180":{"start":{"line":708,"column":4},"end":{"line":708,"column":86}},"181":{"start":{"line":709,"column":4},"end":{"line":709,"column":45}},"182":{"start":{"line":710,"column":4},"end":{"line":710,"column":47}},"183":{"start":{"line":711,"column":4},"end":{"line":711,"column":84}},"184":{"start":{"line":712,"column":4},"end":{"line":712,"column":36}},"185":{"start":{"line":713,"column":4},"end":{"line":713,"column":45}},"186":{"start":{"line":714,"column":4},"end":{"line":714,"column":54}},"187":{"start":{"line":715,"column":4},"end":{"line":715,"column":44}},"188":{"start":{"line":716,"column":4},"end":{"line":716,"column":86}},"189":{"start":{"line":721,"column":0},"end":{"line":721,"column":21}}},"fnMap":{"0":{"name":"(anonymous_0)","decl":{"start":{"line":52,"column":27},"end":{"line":52,"column":28}},"loc":{"start":{"line":52,"column":47},"end":{"line":171,"column":1}},"line":52},"1":{"name":"(anonymous_1)","decl":{"start":{"line":139,"column":37},"end":{"line":139,"column":38}},"loc":{"start":{"line":139,"column":44},"end":{"line":156,"column":5}},"line":139},"2":{"name":"(anonymous_2)","decl":{"start":{"line":187,"column":28},"end":{"line":187,"column":29}},"loc":{"start":{"line":187,"column":48},"end":{"line":243,"column":1}},"line":187},"3":{"name":"(anonymous_3)","decl":{"start":{"line":209,"column":40},"end":{"line":209,"column":41}},"loc":{"start":{"line":209,"column":49},"end":{"line":228,"column":5}},"line":209},"4":{"name":"(anonymous_4)","decl":{"start":{"line":228,"column":14},"end":{"line":228,"column":15}},"loc":{"start":{"line":228,"column":19},"end":{"line":228,"column":29}},"line":228},"5":{"name":"(anonymous_5)","decl":{"start":{"line":255,"column":30},"end":{"line":255,"column":31}},"loc":{"start":{"line":255,"column":50},"end":{"line":284,"column":1}},"line":255},"6":{"name":"(anonymous_6)","decl":{"start":{"line":268,"column":41},"end":{"line":268,"column":42}},"loc":{"start":{"line":268,"column":49},"end":{"line":272,"column":5}},"line":268},"7":{"name":"getRandomInt","decl":{"start":{"line":289,"column":9},"end":{"line":289,"column":21}},"loc":{"start":{"line":289,"column":32},"end":{"line":291,"column":1}},"line":289},"8":{"name":"(anonymous_8)","decl":{"start":{"line":317,"column":28},"end":{"line":317,"column":29}},"loc":{"start":{"line":317,"column":48},"end":{"line":552,"column":1}},"line":317},"9":{"name":"(anonymous_9)","decl":{"start":{"line":424,"column":50},"end":{"line":424,"column":51}},"loc":{"start":{"line":424,"column":62},"end":{"line":424,"column":83}},"line":424},"10":{"name":"(anonymous_10)","decl":{"start":{"line":579,"column":43},"end":{"line":579,"column":44}},"loc":{"start":{"line":579,"column":63},"end":{"line":657,"column":1}},"line":579},"11":{"name":"(anonymous_11)","decl":{"start":{"line":670,"column":28},"end":{"line":670,"column":29}},"loc":{"start":{"line":670,"column":48},"end":{"line":689,"column":1}},"line":670},"12":{"name":"(anonymous_12)","decl":{"start":{"line":695,"column":19},"end":{"line":695,"column":20}},"loc":{"start":{"line":695,"column":33},"end":{"line":701,"column":1}},"line":695},"13":{"name":"(anonymous_13)","decl":{"start":{"line":705,"column":19},"end":{"line":705,"column":20}},"loc":{"start":{"line":705,"column":25},"end":{"line":717,"column":3}},"line":705}},"branchMap":{"0":{"loc":{"start":{"line":7,"column":13},"end":{"line":7,"column":37}},"type":"binary-expr","locations":[{"start":{"line":7,"column":13},"end":{"line":7,"column":29}},{"start":{"line":7,"column":33},"end":{"line":7,"column":37}}],"line":7},"1":{"loc":{"start":{"line":57,"column":4},"end":{"line":62,"column":5}},"type":"if","locations":[{"start":{"line":57,"column":4},"end":{"line":62,"column":5}},{"start":{},"end":{}}],"line":57},"2":{"loc":{"start":{"line":57,"column":8},"end":{"line":57,"column":48}},"type":"binary-expr","locations":[{"start":{"line":57,"column":8},"end":{"line":57,"column":15}},{"start":{"line":57,"column":19},"end":{"line":57,"column":26}},{"start":{"line":57,"column":30},"end":{"line":57,"column":37}},{"start":{"line":57,"column":41},"end":{"line":57,"column":48}}],"line":57},"3":{"loc":{"start":{"line":72,"column":4},"end":{"line":77,"column":5}},"type":"if","locations":[{"start":{"line":72,"column":4},"end":{"line":77,"column":5}},{"start":{},"end":{}}],"line":72},"4":{"loc":{"start":{"line":80,"column":26},"end":{"line":80,"column":67}},"type":"cond-expr","locations":[{"start":{"line":80,"column":39},"end":{"line":80,"column":63}},{"start":{"line":80,"column":66},"end":{"line":80,"column":67}}],"line":80},"5":{"loc":{"start":{"line":83,"column":4},"end":{"line":88,"column":5}},"type":"if","locations":[{"start":{"line":83,"column":4},"end":{"line":88,"column":5}},{"start":{},"end":{}}],"line":83},"6":{"loc":{"start":{"line":83,"column":8},"end":{"line":83,"column":47}},"type":"binary-expr","locations":[{"start":{"line":83,"column":8},"end":{"line":83,"column":25}},{"start":{"line":83,"column":29},"end":{"line":83,"column":47}}],"line":83},"7":{"loc":{"start":{"line":105,"column":4},"end":{"line":108,"column":5}},"type":"if","locations":[{"start":{"line":105,"column":4},"end":{"line":108,"column":5}},{"start":{},"end":{}}],"line":105},"8":{"loc":{"start":{"line":143,"column":23},"end":{"line":143,"column":53}},"type":"binary-expr","locations":[{"start":{"line":143,"column":23},"end":{"line":143,"column":40}},{"start":{"line":143,"column":44},"end":{"line":143,"column":53}}],"line":143},"9":{"loc":{"start":{"line":144,"column":18},"end":{"line":144,"column":39}},"type":"binary-expr","locations":[{"start":{"line":144,"column":18},"end":{"line":144,"column":30}},{"start":{"line":144,"column":34},"end":{"line":144,"column":39}}],"line":144},"10":{"loc":{"start":{"line":147,"column":19},"end":{"line":147,"column":40}},"type":"binary-expr","locations":[{"start":{"line":147,"column":19},"end":{"line":147,"column":32}},{"start":{"line":147,"column":36},"end":{"line":147,"column":40}}],"line":147},"11":{"loc":{"start":{"line":148,"column":22},"end":{"line":148,"column":46}},"type":"binary-expr","locations":[{"start":{"line":148,"column":22},"end":{"line":148,"column":38}},{"start":{"line":148,"column":42},"end":{"line":148,"column":46}}],"line":148},"12":{"loc":{"start":{"line":151,"column":26},"end":{"line":151,"column":51}},"type":"binary-expr","locations":[{"start":{"line":151,"column":26},"end":{"line":151,"column":46}},{"start":{"line":151,"column":50},"end":{"line":151,"column":51}}],"line":151},"13":{"loc":{"start":{"line":152,"column":19},"end":{"line":152,"column":40}},"type":"binary-expr","locations":[{"start":{"line":152,"column":19},"end":{"line":152,"column":32}},{"start":{"line":152,"column":36},"end":{"line":152,"column":40}}],"line":152},"14":{"loc":{"start":{"line":153,"column":23},"end":{"line":153,"column":48}},"type":"binary-expr","locations":[{"start":{"line":153,"column":23},"end":{"line":153,"column":40}},{"start":{"line":153,"column":44},"end":{"line":153,"column":48}}],"line":153},"15":{"loc":{"start":{"line":154,"column":25},"end":{"line":154,"column":52}},"type":"binary-expr","locations":[{"start":{"line":154,"column":25},"end":{"line":154,"column":44}},{"start":{"line":154,"column":48},"end":{"line":154,"column":52}}],"line":154},"16":{"loc":{"start":{"line":168,"column":15},"end":{"line":168,"column":79}},"type":"cond-expr","locations":[{"start":{"line":168,"column":56},"end":{"line":168,"column":67}},{"start":{"line":168,"column":70},"end":{"line":168,"column":79}}],"line":168},"17":{"loc":{"start":{"line":203,"column":4},"end":{"line":206,"column":5}},"type":"if","locations":[{"start":{"line":203,"column":4},"end":{"line":206,"column":5}},{"start":{},"end":{}}],"line":203},"18":{"loc":{"start":{"line":203,"column":8},"end":{"line":203,"column":48}},"type":"binary-expr","locations":[{"start":{"line":203,"column":8},"end":{"line":203,"column":20}},{"start":{"line":203,"column":24},"end":{"line":203,"column":48}}],"line":203},"19":{"loc":{"start":{"line":240,"column":15},"end":{"line":240,"column":79}},"type":"cond-expr","locations":[{"start":{"line":240,"column":56},"end":{"line":240,"column":67}},{"start":{"line":240,"column":70},"end":{"line":240,"column":79}}],"line":240},"20":{"loc":{"start":{"line":271,"column":13},"end":{"line":271,"column":63}},"type":"binary-expr","locations":[{"start":{"line":271,"column":13},"end":{"line":271,"column":22}},{"start":{"line":271,"column":26},"end":{"line":271,"column":50}},{"start":{"line":271,"column":54},"end":{"line":271,"column":63}}],"line":271},"21":{"loc":{"start":{"line":324,"column":4},"end":{"line":329,"column":5}},"type":"if","locations":[{"start":{"line":324,"column":4},"end":{"line":329,"column":5}},{"start":{},"end":{}}],"line":324},"22":{"loc":{"start":{"line":324,"column":8},"end":{"line":324,"column":31}},"type":"binary-expr","locations":[{"start":{"line":324,"column":8},"end":{"line":324,"column":18}},{"start":{"line":324,"column":22},"end":{"line":324,"column":31}}],"line":324},"23":{"loc":{"start":{"line":362,"column":4},"end":{"line":368,"column":5}},"type":"if","locations":[{"start":{"line":362,"column":4},"end":{"line":368,"column":5}},{"start":{},"end":{}}],"line":362},"24":{"loc":{"start":{"line":373,"column":4},"end":{"line":379,"column":5}},"type":"if","locations":[{"start":{"line":373,"column":4},"end":{"line":379,"column":5}},{"start":{},"end":{}}],"line":373},"25":{"loc":{"start":{"line":373,"column":8},"end":{"line":373,"column":62}},"type":"binary-expr","locations":[{"start":{"line":373,"column":8},"end":{"line":373,"column":33}},{"start":{"line":373,"column":37},"end":{"line":373,"column":62}}],"line":373},"26":{"loc":{"start":{"line":382,"column":4},"end":{"line":388,"column":5}},"type":"if","locations":[{"start":{"line":382,"column":4},"end":{"line":388,"column":5}},{"start":{},"end":{}}],"line":382},"27":{"loc":{"start":{"line":399,"column":4},"end":{"line":405,"column":5}},"type":"if","locations":[{"start":{"line":399,"column":4},"end":{"line":405,"column":5}},{"start":{},"end":{}}],"line":399},"28":{"loc":{"start":{"line":410,"column":4},"end":{"line":416,"column":5}},"type":"if","locations":[{"start":{"line":410,"column":4},"end":{"line":416,"column":5}},{"start":{},"end":{}}],"line":410},"29":{"loc":{"start":{"line":419,"column":4},"end":{"line":449,"column":5}},"type":"if","locations":[{"start":{"line":419,"column":4},"end":{"line":449,"column":5}},{"start":{},"end":{}}],"line":419},"30":{"loc":{"start":{"line":440,"column":6},"end":{"line":446,"column":7}},"type":"if","locations":[{"start":{"line":440,"column":6},"end":{"line":446,"column":7}},{"start":{},"end":{}}],"line":440},"31":{"loc":{"start":{"line":462,"column":4},"end":{"line":477,"column":5}},"type":"if","locations":[{"start":{"line":462,"column":4},"end":{"line":477,"column":5}},{"start":{"line":475,"column":11},"end":{"line":477,"column":5}}],"line":462},"32":{"loc":{"start":{"line":466,"column":6},"end":{"line":474,"column":7}},"type":"if","locations":[{"start":{"line":466,"column":6},"end":{"line":474,"column":7}},{"start":{"line":472,"column":13},"end":{"line":474,"column":7}}],"line":466},"33":{"loc":{"start":{"line":522,"column":26},"end":{"line":522,"column":98}},"type":"cond-expr","locations":[{"start":{"line":522,"column":45},"end":{"line":522,"column":54}},{"start":{"line":522,"column":57},"end":{"line":522,"column":98}}],"line":522},"34":{"loc":{"start":{"line":523,"column":24},"end":{"line":523,"column":60}},"type":"cond-expr","locations":[{"start":{"line":523,"column":43},"end":{"line":523,"column":55}},{"start":{"line":523,"column":58},"end":{"line":523,"column":60}}],"line":523},"35":{"loc":{"start":{"line":532,"column":15},"end":{"line":534,"column":67}},"type":"cond-expr","locations":[{"start":{"line":533,"column":10},"end":{"line":533,"column":56}},{"start":{"line":534,"column":10},"end":{"line":534,"column":67}}],"line":532},"36":{"loc":{"start":{"line":535,"column":20},"end":{"line":537,"column":14}},"type":"cond-expr","locations":[{"start":{"line":536,"column":10},"end":{"line":536,"column":65}},{"start":{"line":537,"column":10},"end":{"line":537,"column":14}}],"line":535},"37":{"loc":{"start":{"line":616,"column":4},"end":{"line":621,"column":5}},"type":"if","locations":[{"start":{"line":616,"column":4},"end":{"line":621,"column":5}},{"start":{},"end":{}}],"line":616},"38":{"loc":{"start":{"line":634,"column":18},"end":{"line":634,"column":42}},"type":"binary-expr","locations":[{"start":{"line":634,"column":18},"end":{"line":634,"column":33}},{"start":{"line":634,"column":37},"end":{"line":634,"column":42}}],"line":634},"39":{"loc":{"start":{"line":637,"column":17},"end":{"line":644,"column":14}},"type":"cond-expr","locations":[{"start":{"line":637,"column":35},"end":{"line":644,"column":7}},{"start":{"line":644,"column":10},"end":{"line":644,"column":14}}],"line":637},"40":{"loc":{"start":{"line":680,"column":4},"end":{"line":682,"column":5}},"type":"if","locations":[{"start":{"line":680,"column":4},"end":{"line":682,"column":5}},{"start":{},"end":{}}],"line":680},"41":{"loc":{"start":{"line":704,"column":0},"end":{"line":718,"column":1}},"type":"if","locations":[{"start":{"line":704,"column":0},"end":{"line":718,"column":1}},{"start":{},"end":{}}],"line":704}},"s":{"0":1,"1":1,"2":1,"3":1,"4":1,"5":1,"6":1,"7":1,"8":1,"9":1,"10":4,"11":4,"12":4,"13":1,"14":3,"15":3,"16":0,"17":3,"18":3,"19":0,"20":3,"21":3,"22":3,"23":3,"24":3,"25":3,"26":0,"27":0,"28":3,"29":3,"30":3,"31":3,"32":2,"33":3,"34":2,"35":2,"36":2,"37":1,"38":1,"39":1,"40":1,"41":0,"42":0,"43":0,"44":0,"45":0,"46":0,"47":0,"48":0,"49":0,"50":0,"51":0,"52":0,"53":0,"54":0,"55":0,"56":0,"57":0,"58":0,"59":0,"60":0,"61":0,"62":1,"63":0,"64":0,"65":0,"66":0,"67":0,"68":0,"69":0,"70":0,"71":0,"72":10,"73":1,"74":9,"75":9,"76":9,"77":9,"78":2,"79":7,"80":7,"81":7,"82":7,"83":7,"84":7,"85":7,"86":7,"87":7,"88":7,"89":0,"90":0,"91":7,"92":7,"93":2,"94":2,"95":5,"96":1,"97":1,"98":4,"99":4,"100":4,"101":0,"102":0,"103":4,"104":4,"105":4,"106":1,"107":1,"108":3,"109":1,"110":1,"111":7,"112":1,"113":1,"114":1,"115":1,"116":1,"117":1,"118":1,"119":0,"120":2,"121":2,"122":2,"123":2,"124":2,"125":2,"126":2,"127":2,"128":0,"129":0,"130":0,"131":0,"132":0,"133":0,"134":0,"135":2,"136":2,"137":2,"138":2,"139":2,"140":2,"141":2,"142":2,"143":2,"144":2,"145":2,"146":2,"147":0,"148":0,"149":0,"150":0,"151":9,"152":1,"153":4,"154":4,"155":4,"156":4,"157":3,"158":1,"159":2,"160":2,"161":2,"162":1,"163":1,"164":1,"165":0,"166":0,"167":0,"168":0,"169":0,"170":0,"171":0,"172":0,"173":0,"174":1,"175":1,"176":1,"177":0,"178":0,"179":0,"180":0,"181":0,"182":0,"183":0,"184":0,"185":0,"186":0,"187":0,"188":0,"189":1},"f":{"0":4,"1":3,"2":0,"3":0,"4":0,"5":0,"6":0,"7":10,"8":9,"9":7,"10":4,"11":0,"12":1,"13":0},"b":{"0":[1,0],"1":[1,3],"2":[4,4,3,3],"3":[0,3],"4":[3,0],"5":[0,3],"6":[3,3],"7":[0,3],"8":[3,0],"9":[3,3],"10":[3,2],"11":[3,2],"12":[3,3],"13":[3,3],"14":[3,2],"15":[3,3],"16":[0,1],"17":[0,0],"18":[0,0],"19":[0,0],"20":[0,0,0],"21":[2,7],"22":[9,8],"23":[0,7],"24":[2,5],"25":[7,6],"26":[1,4],"27":[0,4],"28":[1,3],"29":[1,2],"30":[1,0],"31":[0,2],"32":[0,0],"33":[2,0],"34":[2,0],"35":[2,0],"36":[0,2],"37":[1,2],"38":[2,1],"39":[1,1],"40":[0,0],"41":[0,1]},"_coverageSchema":"1a1c01bbd47fc00a2c39e90264f33305004495a9","hash":"37b8ce5bede4c4850e7735c3332b8bad7b8d8a39"}
}
