TN:
SF:index.js
FN:52,(anonymous_0)
FN:116,(anonymous_1)
FN:139,(anonymous_2)
FN:190,(anonymous_3)
FN:212,(anonymous_4)
FN:231,(anonymous_5)
FN:258,(anonymous_6)
FN:271,(anonymous_7)
FN:292,getRandomInt
FN:320,(anonymous_9)
FN:425,(anonymous_10)
FN:428,(anonymous_11)
FN:556,(anonymous_12)
FN:647,(anonymous_13)
FN:672,(anonymous_14)
FN:682,(anonymous_15)
FNF:16
FNH:6
FNDA:4,(anonymous_0)
FNDA:894,(anonymous_1)
FNDA:3,(anonymous_2)
FNDA:0,(anonymous_3)
FNDA:0,(anonymous_4)
FNDA:0,(anonymous_5)
FNDA:0,(anonymous_6)
FNDA:0,(anonymous_7)
FNDA:0,getRandomInt
FNDA:9,(anonymous_9)
FNDA:0,(anonymous_10)
FNDA:0,(anonymous_11)
FNDA:4,(anonymous_12)
FNDA:0,(anonymous_13)
FNDA:1,(anonymous_14)
FNDA:0,(anonymous_15)
DA:1,1
DA:2,1
DA:3,1
DA:4,1
DA:6,1
DA:7,1
DA:10,1
DA:11,1
DA:14,1
DA:52,1
DA:53,4
DA:54,4
DA:57,4
DA:58,1
DA:64,3
DA:72,3
DA:73,0
DA:80,3
DA:83,3
DA:84,0
DA:90,3
DA:93,3
DA:100,3
DA:101,3
DA:103,3
DA:105,3
DA:106,0
DA:107,0
DA:111,3
DA:116,894
DA:119,3
DA:135,3
DA:139,2
DA:141,3
DA:143,3
DA:161,2
DA:162,2
DA:163,2
DA:166,1
DA:167,1
DA:168,1
DA:190,1
DA:191,0
DA:192,0
DA:194,0
DA:204,0
DA:206,0
DA:207,0
DA:208,0
DA:212,0
DA:213,0
DA:216,0
DA:217,0
DA:219,0
DA:228,0
DA:229,0
DA:231,0
DA:233,0
DA:234,0
DA:235,0
DA:238,0
DA:239,0
DA:240,0
DA:258,1
DA:259,0
DA:260,0
DA:269,0
DA:271,0
DA:277,0
DA:278,0
DA:281,0
DA:282,0
DA:293,0
DA:320,1
DA:321,9
DA:323,9
DA:324,9
DA:327,9
DA:328,2
DA:334,7
DA:337,7
DA:340,7
DA:343,7
DA:348,7
DA:349,7
DA:350,7
DA:352,7
DA:355,7
DA:361,7
DA:363,7
DA:364,6
DA:365,6
DA:371,1
DA:374,1
DA:375,0
DA:376,0
DA:383,1
DA:384,1
DA:385,1
DA:392,0
DA:398,0
DA:400,0
DA:401,0
DA:402,0
DA:408,0
DA:409,0
DA:411,0
DA:412,0
DA:413,0
DA:420,0
DA:422,0
DA:425,0
DA:428,0
DA:431,0
DA:436,0
DA:437,0
DA:439,0
DA:441,0
DA:442,0
DA:443,0
DA:449,0
DA:453,0
DA:454,0
DA:455,0
DA:456,0
DA:457,0
DA:458,0
DA:460,0
DA:463,0
DA:471,0
DA:484,0
DA:495,0
DA:496,0
DA:502,0
DA:504,0
DA:505,0
DA:506,0
DA:508,0
DA:518,0
DA:519,0
DA:520,0
DA:521,0
DA:527,9
DA:556,1
DA:557,4
DA:558,4
DA:561,4
DA:564,4
DA:591,4
DA:593,3
DA:594,1
DA:600,2
DA:603,2
DA:624,2
DA:627,1
DA:628,1
DA:647,1
DA:648,0
DA:649,0
DA:650,0
DA:655,0
DA:657,0
DA:658,0
DA:661,0
DA:663,0
DA:664,0
DA:672,1
DA:673,1
DA:681,1
DA:682,0
DA:683,0
DA:684,0
DA:685,0
DA:686,0
DA:687,0
DA:688,0
DA:689,0
DA:690,0
DA:691,0
DA:692,0
DA:693,0
DA:698,1
LF:182
LH:82
BRDA:7,0,0,1
BRDA:7,0,1,0
BRDA:57,1,0,1
BRDA:57,1,1,3
BRDA:57,2,0,4
BRDA:57,2,1,4
BRDA:57,2,2,3
BRDA:57,2,3,3
BRDA:72,3,0,0
BRDA:72,3,1,3
BRDA:80,4,0,3
BRDA:80,4,1,0
BRDA:83,5,0,0
BRDA:83,5,1,3
BRDA:83,6,0,3
BRDA:83,6,1,3
BRDA:105,7,0,0
BRDA:105,7,1,3
BRDA:146,8,0,3
BRDA:146,8,1,0
BRDA:147,9,0,3
BRDA:147,9,1,3
BRDA:150,10,0,3
BRDA:150,10,1,2
BRDA:151,11,0,3
BRDA:151,11,1,2
BRDA:154,12,0,3
BRDA:154,12,1,3
BRDA:155,13,0,3
BRDA:155,13,1,3
BRDA:156,14,0,3
BRDA:156,14,1,2
BRDA:157,15,0,3
BRDA:157,15,1,3
BRDA:171,16,0,0
BRDA:171,16,1,1
BRDA:206,17,0,0
BRDA:206,17,1,0
BRDA:206,18,0,0
BRDA:206,18,1,0
BRDA:243,19,0,0
BRDA:243,19,1,0
BRDA:274,20,0,0
BRDA:274,20,1,0
BRDA:274,20,2,0
BRDA:327,21,0,2
BRDA:327,21,1,7
BRDA:327,22,0,9
BRDA:327,22,1,8
BRDA:363,23,0,6
BRDA:363,23,1,1
BRDA:374,24,0,0
BRDA:374,24,1,1
BRDA:374,25,0,1
BRDA:374,25,1,1
BRDA:383,26,0,1
BRDA:383,26,1,0
BRDA:400,27,0,0
BRDA:400,27,1,0
BRDA:411,28,0,0
BRDA:411,28,1,0
BRDA:420,29,0,0
BRDA:420,29,1,0
BRDA:441,30,0,0
BRDA:441,30,1,0
BRDA:504,31,0,0
BRDA:504,31,1,0
BRDA:505,32,0,0
BRDA:505,32,1,0
BRDA:512,33,0,0
BRDA:512,33,1,0
BRDA:593,34,0,1
BRDA:593,34,1,2
BRDA:611,35,0,2
BRDA:611,35,1,1
BRDA:614,36,0,1
BRDA:614,36,1,1
BRDA:657,37,0,0
BRDA:657,37,1,0
BRDA:681,38,0,0
BRDA:681,38,1,1
BRF:81
BRH:46
end_of_record
